<?xml version="1.0" encoding="UTF-8"?>
<testng-results ignored="0" total="2" passed="1" failed="1" skipped="0">
  <reporter-output>
  </reporter-output>
  <suite started-at="2024-03-02T23:47:58 IST" name="All Test Suite" finished-at="2024-03-02T23:48:23 IST" duration-ms="24717">
    <groups>
    </groups>
    <test started-at="2024-03-02T23:47:58 IST" name="Test" finished-at="2024-03-02T23:48:23 IST" duration-ms="24717">
      <class name="com.store.TestCases.TC002_UserLoginTest">
        <test-method is-config="true" signature="setup()[pri:0, instance:com.store.TestCases.TC002_UserLoginTest@57af006c]" started-at="2024-03-02T23:48:12 IST" name="setup" finished-at="2024-03-02T23:48:16 IST" duration-ms="3455" status="PASS">
          <reporter-output>
          </reporter-output>
        </test-method> <!-- setup -->
        <test-method signature="tc002_verifyUserLoginFunctionality()[pri:0, instance:com.store.TestCases.TC002_UserLoginTest@57af006c]" started-at="2024-03-02T23:48:16 IST" name="tc002_verifyUserLoginFunctionality" finished-at="2024-03-02T23:48:22 IST" duration-ms="6483" status="FAIL">
          <exception class="java.lang.AssertionError">
            <message>
              <![CDATA[expected [true] but found [false]]]>
            </message>
            <full-stacktrace>
              <![CDATA[java.lang.AssertionError: expected [true] but found [false]
at org.testng.Assert.fail(Assert.java:111)
at org.testng.Assert.failNotEquals(Assert.java:1578)
at org.testng.Assert.assertTrue(Assert.java:57)
at org.testng.Assert.assertTrue(Assert.java:67)
at com.store.TestCases.TC002_UserLoginTest.tc002_verifyUserLoginFunctionality(TC002_UserLoginTest.java:53)
at java.base/jdk.internal.reflect.NativeMethodAccessorImpl.invoke0(Native Method)
at java.base/jdk.internal.reflect.NativeMethodAccessorImpl.invoke(NativeMethodAccessorImpl.java:62)
at java.base/jdk.internal.reflect.DelegatingMethodAccessorImpl.invoke(DelegatingMethodAccessorImpl.java:43)
at java.base/java.lang.reflect.Method.invoke(Method.java:566)
at org.testng.internal.invokers.MethodInvocationHelper.invokeMethod(MethodInvocationHelper.java:139)
at org.testng.internal.invokers.TestInvoker.invokeMethod(TestInvoker.java:664)
at org.testng.internal.invokers.TestInvoker.invokeTestMethod(TestInvoker.java:228)
at org.testng.internal.invokers.MethodRunner.runInSequence(MethodRunner.java:63)
at org.testng.internal.invokers.TestInvoker$MethodInvocationAgent.invoke(TestInvoker.java:961)
at org.testng.internal.invokers.TestInvoker.invokeTestMethods(TestInvoker.java:201)
at org.testng.internal.invokers.TestMethodWorker.invokeTestMethods(TestMethodWorker.java:148)
at org.testng.internal.invokers.TestMethodWorker.run(TestMethodWorker.java:128)
at java.base/java.util.ArrayList.forEach(ArrayList.java:1541)
at org.testng.TestRunner.privateRun(TestRunner.java:819)
at org.testng.TestRunner.run(TestRunner.java:619)
at org.testng.SuiteRunner.runTest(SuiteRunner.java:443)
at org.testng.SuiteRunner.runSequentially(SuiteRunner.java:437)
at org.testng.SuiteRunner.privateRun(SuiteRunner.java:397)
at org.testng.SuiteRunner.run(SuiteRunner.java:336)
at org.testng.SuiteRunnerWorker.runSuite(SuiteRunnerWorker.java:52)
at org.testng.SuiteRunnerWorker.run(SuiteRunnerWorker.java:95)
at org.testng.TestNG.runSuitesSequentially(TestNG.java:1301)
at org.testng.TestNG.runSuitesLocally(TestNG.java:1228)
at org.testng.TestNG.runSuites(TestNG.java:1134)
at org.testng.TestNG.run(TestNG.java:1101)
at com.intellij.rt.testng.IDEARemoteTestNG.run(IDEARemoteTestNG.java:65)
at com.intellij.rt.testng.RemoteTestNGStarter.main(RemoteTestNGStarter.java:105)
]]>
            </full-stacktrace>
          </exception> <!-- java.lang.AssertionError -->
          <reporter-output>
          </reporter-output>
        </test-method> <!-- tc002_verifyUserLoginFunctionality -->
        <test-method is-config="true" signature="tearDown()[pri:0, instance:com.store.TestCases.TC002_UserLoginTest@57af006c]" started-at="2024-03-02T23:48:22 IST" name="tearDown" finished-at="2024-03-02T23:48:23 IST" duration-ms="731" status="PASS">
          <reporter-output>
          </reporter-output>
        </test-method> <!-- tearDown -->
      </class> <!-- com.store.TestCases.TC002_UserLoginTest -->
      <class name="com.store.TestCases.TC001_CreateAccountPageTest">
        <test-method is-config="true" signature="setup()[pri:0, instance:com.store.TestCases.TC001_CreateAccountPageTest@247d8ae]" started-at="2024-03-02T23:47:58 IST" name="setup" finished-at="2024-03-02T23:48:04 IST" duration-ms="5463" status="PASS">
          <reporter-output>
          </reporter-output>
        </test-method> <!-- setup -->
        <test-method signature="tc001_verifyUserAccountRegistration()[pri:0, instance:com.store.TestCases.TC001_CreateAccountPageTest@247d8ae]" started-at="2024-03-02T23:48:04 IST" name="tc001_verifyUserAccountRegistration" finished-at="2024-03-02T23:48:11 IST" duration-ms="7485" status="PASS">
          <reporter-output>
          </reporter-output>
        </test-method> <!-- tc001_verifyUserAccountRegistration -->
        <test-method is-config="true" signature="tearDown()[pri:0, instance:com.store.TestCases.TC001_CreateAccountPageTest@247d8ae]" started-at="2024-03-02T23:48:11 IST" name="tearDown" finished-at="2024-03-02T23:48:12 IST" duration-ms="715" status="PASS">
          <reporter-output>
          </reporter-output>
        </test-method> <!-- tearDown -->
      </class> <!-- com.store.TestCases.TC001_CreateAccountPageTest -->
    </test> <!-- Test -->
  </suite> <!-- All Test Suite -->
</testng-results>
